proguard/seeds.txt
com.android.gobang.Chessboard
com.android.gobang.Chessboard: Chessboard(android.content.Context,android.util.AttributeSet)
com.android.gobang.GobangActivity
com.android.gobang.GobangActivity: GobangActivity()
com.android.gobang.R$drawable
com.android.gobang.R$drawable: int ai_bg
com.android.gobang.R$drawable: int bg
com.android.gobang.R$drawable: int black_point
com.android.gobang.R$drawable: int chessboard
com.android.gobang.R$drawable: int ic_launcher
com.android.gobang.R$drawable: int new_black_point
com.android.gobang.R$drawable: int new_white_point
com.android.gobang.R$drawable: int pvp_bg
com.android.gobang.R$drawable: int white_point
com.android.gobang.R$drawable: R$drawable()
com.android.gobang.StartActivity
com.android.gobang.StartActivity: StartActivity()
...
com.feiwo.appwall.i
com.feiwo.appwall.i: android.content.Context a
com.feiwo.appwall.i: java.lang.String b
com.feiwo.appwall.i: i()
com.feiwo.appwall.i: i(com.feiwo.appwall.SR,android.content.Context,java.lang.String)
com.feiwo.appwall.i: void a(boolean,java.lang.String)
com.feiwo.appwall.j
com.feiwo.appwall.j: java.util.Queue a
com.feiwo.appwall.j: com.feiwo.appwall.a b
com.feiwo.appwall.j: java.lang.String c
com.feiwo.appwall.j: long e
com.feiwo.appwall.j: long f
com.feiwo.appwall.j: int g
com.feiwo.appwall.j: long d
com.feiwo.appwall.j: com.feiwo.appwall.g h
com.feiwo.appwall.j: j(com.feiwo.appwall.g,com.feiwo.appwall.a,com.feiwo.appwall.i)
com.feiwo.appwall.j: void a(com.feiwo.appwall.i)
com.feiwo.appwall.j: void run()
com.feiwo.appwall.j: void a(boolean)
com.feiwo.appwall.j: void a(int)
com.feiwo.appwall.j: com.feiwo.appwall.g a(com.feiwo.appwall.j)
com.feiwo.appwall.k
com.feiwo.appwall.k: com.feiwo.appwall.j a
com.feiwo.appwall.k: k(com.feiwo.appwall.j)
com.feiwo.appwall.k: void run()
com.feiwo.appwall.l
com.feiwo.appwall.l: com.feiwo.appwall.j a
com.feiwo.appwall.l: boolean b
com.feiwo.appwall.l: l(com.feiwo.appwall.j,boolean)
com.feiwo.appwall.l: void run()
com.feiwo.appwall.m
com.feiwo.appwall.m: com.feiwo.appwall.j a
com.feiwo.appwall.m: int b
com.feiwo.appwall.m: m(com.feiwo.appwall.j,int)
com.feiwo.appwall.m: void run()
com.feiwo.appwall.n
com.feiwo.appwall.n: com.feiwo.appwall.n a
com.feiwo.appwall.n: n()
com.feiwo.appwall.n: com.feiwo.appwall.n a()
com.feiwo.appwall.n: boolean b()
com.feiwo.appwall.n: java.lang.String a(android.content.Context,java.lang.String,java.lang.String)
com.feiwo.appwall.o
com.feiwo.appwall.o: com.feiwo.appwall.o a
com.feiwo.appwall.o: java.util.concurrent.ExecutorService b
com.feiwo.appwall.o: void <clinit>()
com.feiwo.appwall.o: o()
com.feiwo.appwall.o: com.feiwo.appwall.o a()
com.feiwo.appwall.o: void a(com.feiwo.appwall.q)
com.feiwo.appwall.p
com.feiwo.appwall.p: void a(boolean,java.lang.String)
com.feiwo.appwall.q
com.feiwo.appwall.q: java.net.URL a
com.feiwo.appwall.q: com.feiwo.appwall.p b
com.feiwo.appwall.q: java.lang.String c
com.feiwo.appwall.q: java.lang.String d
com.feiwo.appwall.q: android.content.Context e
com.feiwo.appwall.q: q()
com.feiwo.appwall.q: void a(com.feiwo.appwall.p)
com.feiwo.appwall.q: void a(android.content.Context,java.lang.String,java.lang.String,java.lang.String)
com.feiwo.appwall.q: void run()
com.feiwo.appwall.r
com.feiwo.appwall.r: android.app.NotificationManager a
com.feiwo.appwall.r: com.feiwo.appwall.r b
com.feiwo.appwall.r: android.content.Context c
com.feiwo.appwall.r: void <clinit>()
com.feiwo.appwall.r: r(android.content.Context)
com.feiwo.appwall.r: com.feiwo.appwall.r a(android.content.Context)
com.feiwo.appwall.r: void a(int,int,java.lang.String,java.lang.String,java.lang.String,android.content.Intent,int,java.lang.String,long)
com.feiwo.appwall.r: void a(int)
com.feiwo.appwall.r: android.widget.ImageView a(android.view.View)
com.feiwo.appwall.s
com.feiwo.appwall.s: com.feiwo.appwall.s a
com.feiwo.appwall.s: void <clinit>()
com.feiwo.appwall.s: s()
com.feiwo.appwall.s: com.feiwo.appwall.s a()
com.feiwo.appwall.s: void a(android.content.Context,java.lang.String)
com.feiwo.appwall.s: void b(android.content.Context,java.lang.String)
com.feiwo.appwall.s: boolean c(android.content.Context,java.lang.String)
com.feiwo.appwall.t
com.feiwo.appwall.t: com.feiwo.appwall.t a
com.feiwo.appwall.t: com.feiwo.appwall.t a()
com.feiwo.appwall.t: t()
com.feiwo.appwall.t: java.lang.String a(android.content.Context,boolean)