proguard/mapping.txt
com.android.gobang.AiFactory -> com.android.gobang.a:
    java.util.Map ais -> a
    17:25:com.android.interfaces.IPlayer getInstance$412234cc() -> a
com.android.gobang.Chessboard -> com.android.gobang.Chessboard:
    int currentMode -> b
    android.graphics.Paint paint -> c
    int pointSize -> d
    android.graphics.Bitmap[] pointArray -> e
    int maxX -> f
    int maxY -> g
    int yOffset -> h
    int xOffset -> i
    com.android.interfaces.IPlayer player1 -> a
    com.android.interfaces.IPlayer player2 -> j
    com.android.interfaces.IPlayer computer -> k
    com.android.interfaces.IPlayer human -> l
    java.util.List allFreePoints -> m
    java.util.List lines -> n
    android.content.Context context -> o
    int whoRun -> p
    com.android.gobang.Chessboard$RefreshHandler refreshHandler -> q
    142:152:void receiver(java.lang.String,android.content.Context) -> a
    156:165:void restart_Gobang() -> a
    169:185:void onSizeChanged(int,int,int,int) -> onSizeChanged
    190:196:void fillPointArrays(int,android.graphics.drawable.Drawable) -> a
    201:210:void createChssboardLines() -> e
    221:228:void createPoints() -> f
    277:294:void setMode(int) -> a
    297:320:void createDialog(java.lang.String) -> a
    342:347:void onDraw(android.graphics.Canvas) -> onDraw
    382:383:void drawPoint(android.graphics.Canvas,com.android.gobang.Point,int) -> a
    394:405:boolean onTouchEvent(android.view.MotionEvent) -> onTouchEvent
    411:417:void playerRun(android.view.MotionEvent) -> a
    468:481:com.android.gobang.Point newPoint(java.lang.Float,java.lang.Float) -> a
com.android.gobang.Chessboard$1 -> com.android.gobang.b:
    com.android.gobang.Chessboard this$0 -> a
    305:306:void onClick(android.content.DialogInterface,int) -> onClick
com.android.gobang.Chessboard$2 -> com.android.gobang.c:
    com.android.gobang.Chessboard this$0 -> a
    313:315:void onClick(android.content.DialogInterface,int) -> onClick
com.android.gobang.Chessboard$3 -> com.android.gobang.d:
    com.android.gobang.Chessboard this$0 -> a
    331:332:void onClick(android.content.DialogInterface,int) -> onClick
com.android.gobang.Chessboard$Line -> com.android.gobang.e:
    float xStart -> a
    float yStart -> b
    float xStop -> c
    float yStop -> d
    com.android.gobang.Chessboard this$0 -> e
com.android.gobang.Chessboard$RefreshHandler -> com.android.gobang.f:
    com.android.gobang.Chessboard this$0 -> a
    490:493:void computerRunAfter$1349ef() -> a
    499:516:void handleMessage(android.os.Message) -> handleMessage
com.android.gobang.GobangActivity -> com.android.gobang.GobangActivity:
    android.widget.Button btn_ai -> a
    android.widget.Button btn_pvp -> b
    android.widget.Button btn_about -> c
    25:63:void onCreate(android.os.Bundle) -> onCreate
    68:70:void onDestroy() -> onDestroy
com.android.gobang.GobangActivity$1 -> com.android.gobang.g:
    com.android.gobang.GobangActivity this$0 -> a
    34:38:void onClick(android.view.View) -> onClick
com.android.gobang.GobangActivity$2 -> com.android.gobang.h:
    com.android.gobang.GobangActivity this$0 -> a
    46:49:void onClick(android.view.View) -> onClick
com.android.gobang.GobangActivity$3 -> com.android.gobang.i:
    com.android.gobang.GobangActivity this$0 -> a
    59:60:void onClick(android.view.View) -> onClick
com.android.gobang.Point -> com.android.gobang.j:
    int x -> a
    int y -> b
    38:38:int hashCode() -> hashCode
    43:50:boolean equals(java.lang.Object) -> equals
com.android.gobang.R -> com.android.gobang.R:
com.android.gobang.R$drawable -> com.android.gobang.R$drawable:
    int ai_bg -> ai_bg
    int bg -> bg
    int black_point -> black_point
    int chessboard -> chessboard
    int ic_launcher -> ic_launcher
    int new_black_point -> new_black_point
    int new_white_point -> new_white_point
    int pvp_bg -> pvp_bg
    int white_point -> white_point
...
com.feiwo.appwall.G -> com.feiwo.appwall.G:
    com.feiwo.appwall.WA a -> a
    void onPageStarted(android.webkit.WebView,java.lang.String,android.graphics.Bitmap) -> onPageStarted
    void onReceivedError(android.webkit.WebView,int,java.lang.String,java.lang.String) -> onReceivedError
com.feiwo.appwall.H -> com.feiwo.appwall.H:
    com.feiwo.appwall.WA a -> a
    void run() -> run
com.feiwo.appwall.I -> com.feiwo.appwall.I:
    com.feiwo.appwall.WA a -> a
    java.lang.String b -> b
    void run() -> run
com.feiwo.appwall.J -> com.feiwo.appwall.J:
    com.feiwo.appwall.WA a -> a
    java.lang.String b -> b
    int c -> c
    java.lang.String d -> d
    void run() -> run
com.feiwo.appwall.K -> com.feiwo.appwall.K:
    com.feiwo.appwall.WA a -> a
    void run() -> run
com.feiwo.appwall.SR -> com.feiwo.appwall.SR:
    void onReceive(android.content.Context,android.content.Intent) -> onReceive
    void a(com.feiwo.appwall.SR,android.content.Context,java.lang.String) -> a
com.feiwo.appwall.WA -> com.feiwo.appwall.WA:
    android.widget.TextView c -> c
    android.webkit.WebView a -> a
    boolean b -> b
    java.util.Map d -> d
    void onCreate(android.os.Bundle) -> onCreate
    void onRestart() -> onRestart
    void onBackPressed() -> onBackPressed
    void a() -> a
    void debug(java.lang.String) -> debug
    void back() -> back
    void openApp(java.lang.String) -> openApp
    void installApp(int,java.lang.String,java.lang.String,java.lang.String,java.lang.String) -> installApp
    void downloadApp(int,java.lang.String,java.lang.String,java.lang.String,java.lang.String) -> downloadApp
    java.lang.String checkInstall(java.lang.String,java.lang.String) -> checkInstall
    void a(com.feiwo.appwall.WA,java.lang.String) -> a
com.feiwo.appwall.a -> com.feiwo.appwall.a:
    int a -> a
    java.lang.String b -> b
    java.lang.String c -> c
    java.lang.String d -> d
    java.lang.String e -> e
    org.json.JSONObject a(android.content.Context,java.lang.String,java.lang.String) -> a
    org.json.JSONObject a(android.content.Context,java.lang.String,java.lang.String,java.lang.String) -> a
    java.lang.String a() -> a
    java.lang.String b() -> b
    java.lang.String c() -> c
    java.lang.String d() -> d
    int e() -> e
com.feiwo.appwall.b -> com.feiwo.appwall.b:
    java.lang.String a -> a
    java.lang.String a() -> a
    java.lang.String b() -> b
    java.lang.String c() -> c
com.feiwo.appwall.c -> com.feiwo.appwall.c:
    void a(boolean,java.lang.String) -> a
com.feiwo.appwall.d -> com.feiwo.appwall.d:
    com.feiwo.appwall.AppWallManager a -> a
    void run() -> run
com.feiwo.appwall.e -> com.feiwo.appwall.e:
    char[] a -> a
    int[] b -> b
    byte[] c -> c
    char[] b(byte[],boolean) -> b
    java.lang.String a(byte[],boolean) -> a
    byte[] a(java.lang.String) -> a
com.feiwo.appwall.f -> com.feiwo.appwall.f:
    com.feiwo.appwall.f a -> a
    java.lang.String b -> b
    java.lang.String c -> c
    java.lang.String d -> d
    com.feiwo.appwall.f a(android.content.Context) -> a
    java.lang.String a() -> a
    java.lang.String b() -> b
    java.lang.String c() -> c
    boolean b(android.content.Context) -> b
com.feiwo.appwall.g -> com.feiwo.appwall.g:
    com.feiwo.appwall.g a -> a
    java.util.concurrent.ConcurrentLinkedQueue b -> b
    java.util.Map c -> c
    android.content.Context d -> d
    android.os.Handler e -> e
    void a(android.content.Context) -> a
    com.feiwo.appwall.g a() -> a
    boolean a(java.lang.String) -> a
    void b() -> b
    void a(com.feiwo.appwall.a,com.feiwo.appwall.i) -> a
    void a(com.feiwo.appwall.a) -> a
    void a(com.feiwo.appwall.g,com.feiwo.appwall.j) -> a